stdio    D         file_stdio.c:110  file_stdio_fopen                 [   0.00000] opening C:\Users\guota\Desktop\程設2 陳\final-project\glit_bot\bin\Debug\allegro5.cfg r
system   D            wsystem.c:874  _al_win_safe_load_library        [   0.00000] PathFindOnPath found: C:\Windows\system32\shcore.dll
system   D            wsystem.c:780  load_library_at_path             [   0.00000] Calling LoadLibrary C:\Windows\system32\shcore.dll
system   I            wsystem.c:783  load_library_at_path             [   0.00000] Loaded C:\Windows\system32\shcore.dll
system   I             system.c:271  al_install_system                [   0.00000] Allegro version: 5.2.7
system   D            wsystem.c:874  _al_win_safe_load_library        [   0.00149] PathFindOnPath found: C:\Windows\system32\d3d9.dll
system   D            wsystem.c:780  load_library_at_path             [   0.00154] Calling LoadLibrary C:\Windows\system32\d3d9.dll
system   I            wsystem.c:783  load_library_at_path             [   0.00316] Loaded C:\Windows\system32\d3d9.dll
d3d      I         d3d_disp.cpp:684  d3d_init_display                 [   0.08963] Render-to-texture: 1
d3d      I         d3d_disp.cpp:1782 d3d_create_display_locked        [   0.09050] faux_fullscreen=0
d3d      D         d3d_disp.cpp:1783 d3d_create_display_locked        [   0.09053] al_display=0000000000f38d90
d3d      D         d3d_disp.cpp:1784 d3d_create_display_locked        [   0.09055] al_display->vt=0000000000f38c20
d3d      I d3d_display_formats.cpp:144  _al_d3d_generate_display_format_list [   0.09963] found 128 format combinations
display  D   display_settings.c:212  debug_display_settings           [   0.09969] color: 32 (rgba 8880), depth: 0, stencil: 0, acc: 0000, samples: 0/0
display  D   display_settings.c:527  _al_score_display_settings       [   0.09972] Score is : 897
display  D   display_settings.c:212  debug_display_settings           [   0.09974] color: 32 (rgba 8880), depth: 0, stencil: 0, acc: 0000, samples: 0/0
display  D   display_settings.c:527  _al_score_display_settings       [   0.09976] Score is : 897
display  D   display_settings.c:212  debug_display_settings           [   0.09977] color: 32 (rgba 8880), depth: 0, stencil: 0, acc: 0000, samples: 2/1
display  D   display_settings.c:527  _al_score_display_settings       [   0.09979] Score is : 726
display  D   display_settings.c:212  debug_display_settings           [   0.09981] color: 32 (rgba 8880), depth: 0, stencil: 0, acc: 0000, samples: 3/1
display  D   display_settings.c:527  _al_score_display_settings       [   0.09983] Score is : 721
display  D   display_settings.c:212  debug_display_settings           [   0.09985] color: 32 (rgba 8880), depth: 24, stencil: 8, acc: 0000, samples: 0/0
display  D   display_settings.c:527  _al_score_display_settings       [   0.09987] Score is : 897
display  D   display_settings.c:212  debug_display_settings           [   0.09988] color: 32 (rgba 8880), depth: 24, stencil: 8, acc: 0000, samples: 0/0
display  D   display_settings.c:527  _al_score_display_settings       [   0.09990] Score is : 897
display  D   display_settings.c:212  debug_display_settings           [   0.09992] color: 32 (rgba 8880), depth: 24, stencil: 8, acc: 0000, samples: 2/1
display  D   display_settings.c:527  _al_score_display_settings       [   0.09994] Score is : 726
display  D   display_settings.c:212  debug_display_settings           [   0.09995] color: 32 (rgba 8880), depth: 24, stencil: 8, acc: 0000, samples: 3/1
display  D   display_settings.c:527  _al_score_display_settings       [   0.09997] Score is : 721
display  D   display_settings.c:212  debug_display_settings           [   0.09999] color: 32 (rgba 8880), depth: 24, stencil: 0, acc: 0000, samples: 0/0
display  D   display_settings.c:527  _al_score_display_settings       [   0.10001] Score is : 897
display  D   display_settings.c:212  debug_display_settings           [   0.10003] color: 32 (rgba 8880), depth: 24, stencil: 0, acc: 0000, samples: 0/0
display  D   display_settings.c:527  _al_score_display_settings       [   0.10005] Score is : 897
display  D   display_settings.c:212  debug_display_settings           [   0.10013] color: 32 (rgba 8880), depth: 24, stencil: 0, acc: 0000, samples: 2/1
display  D   display_settings.c:527  _al_score_display_settings       [   0.10015] Score is : 726
display  D   display_settings.c:212  debug_display_settings           [   0.10017] color: 32 (rgba 8880), depth: 24, stencil: 0, acc: 0000, samples: 3/1
display  D   display_settings.c:527  _al_score_display_settings       [   0.10019] Score is : 721
display  D   display_settings.c:212  debug_display_settings           [   0.10021] color: 32 (rgba 8880), depth: 16, stencil: 0, acc: 0000, samples: 0/0
display  D   display_settings.c:527  _al_score_display_settings       [   0.10023] Score is : 897
display  D   display_settings.c:212  debug_display_settings           [   0.10024] color: 32 (rgba 8880), depth: 16, stencil: 0, acc: 0000, samples: 0/0
display  D   display_settings.c:527  _al_score_display_settings       [   0.10026] Score is : 897
display  D   display_settings.c:212  debug_display_settings           [   0.10028] color: 32 (rgba 8880), depth: 16, stencil: 0, acc: 0000, samples: 2/1
display  D   display_settings.c:527  _al_score_display_settings       [   0.10030] Score is : 726
display  D   display_settings.c:212  debug_display_settings           [   0.10031] color: 32 (rgba 8880), depth: 16, stencil: 0, acc: 0000, samples: 3/1
display  D   display_settings.c:527  _al_score_display_settings       [   0.10033] Score is : 721
display  D   display_settings.c:212  debug_display_settings           [   0.10035] color: 16 (rgba 5650), depth: 0, stencil: 0, acc: 0000, samples: 0/0
display  D   display_settings.c:527  _al_score_display_settings       [   0.10037] Score is : 897
display  D   display_settings.c:212  debug_display_settings           [   0.10038] color: 16 (rgba 5650), depth: 0, stencil: 0, acc: 0000, samples: 0/0
display  D   display_settings.c:527  _al_score_display_settings       [   0.10040] Score is : 897
display  D   display_settings.c:212  debug_display_settings           [   0.10042] color: 16 (rgba 5650), depth: 0, stencil: 0, acc: 0000, samples: 2/1
display  D   display_settings.c:527  _al_score_display_settings       [   0.10044] Score is : 726
display  D   display_settings.c:212  debug_display_settings           [   0.10046] color: 16 (rgba 5650), depth: 0, stencil: 0, acc: 0000, samples: 3/1
display  D   display_settings.c:527  _al_score_display_settings       [   0.10048] Score is : 721
display  D   display_settings.c:212  debug_display_settings           [   0.10049] color: 16 (rgba 5650), depth: 24, stencil: 8, acc: 0000, samples: 0/0
display  D   display_settings.c:527  _al_score_display_settings       [   0.10051] Score is : 897
display  D   display_settings.c:212  debug_display_settings           [   0.10053] color: 16 (rgba 5650), depth: 24, stencil: 8, acc: 0000, samples: 0/0
display  D   display_settings.c:527  _al_score_display_settings       [   0.10055] Score is : 897
display  D   display_settings.c:212  debug_display_settings           [   0.10056] color: 16 (rgba 5650), depth: 24, stencil: 8, acc: 0000, samples: 2/1
display  D   display_settings.c:527  _al_score_display_settings       [   0.10060] Score is : 726
display  D   display_settings.c:212  debug_display_settings           [   0.10062] color: 16 (rgba 5650), depth: 24, stencil: 8, acc: 0000, samples: 3/1
display  D   display_settings.c:527  _al_score_display_settings       [   0.10063] Score is : 721
display  D   display_settings.c:212  debug_display_settings           [   0.10065] color: 16 (rgba 5650), depth: 24, stencil: 0, acc: 0000, samples: 0/0
display  D   display_settings.c:527  _al_score_display_settings       [   0.10067] Score is : 897
display  D   display_settings.c:212  debug_display_settings           [   0.10069] color: 16 (rgba 5650), depth: 24, stencil: 0, acc: 0000, samples: 0/0
display  D   display_settings.c:527  _al_score_display_settings       [   0.10071] Score is : 897
display  D   display_settings.c:212  debug_display_settings           [   0.10072] color: 16 (rgba 5650), depth: 24, stencil: 0, acc: 0000, samples: 2/1
display  D   display_settings.c:527  _al_score_display_settings       [   0.10075] Score is : 726
display  D   display_settings.c:212  debug_display_settings           [   0.10076] color: 16 (rgba 5650), depth: 24, stencil: 0, acc: 0000, samples: 3/1
display  D   display_settings.c:527  _al_score_display_settings       [   0.10078] Score is : 721
display  D   display_settings.c:212  debug_display_settings           [   0.10080] color: 16 (rgba 5650), depth: 16, stencil: 0, acc: 0000, samples: 0/0
display  D   display_settings.c:527  _al_score_display_settings       [   0.10082] Score is : 897
display  D   display_settings.c:212  debug_display_settings           [   0.10083] color: 16 (rgba 5650), depth: 16, stencil: 0, acc: 0000, samples: 0/0
display  D   display_settings.c:527  _al_score_display_settings       [   0.10085] Score is : 897
display  D   display_settings.c:212  debug_display_settings           [   0.10087] color: 16 (rgba 5650), depth: 16, stencil: 0, acc: 0000, samples: 2/1
display  D   display_settings.c:527  _al_score_display_settings       [   0.10089] Score is : 726
display  D   display_settings.c:212  debug_display_settings           [   0.10091] color: 16 (rgba 5650), depth: 16, stencil: 0, acc: 0000, samples: 3/1
display  D   display_settings.c:527  _al_score_display_settings       [   0.10092] Score is : 721
display  D   display_settings.c:212  debug_display_settings           [   0.10094] color: 32 (rgba 8880), depth: 0, stencil: 0, acc: 0000, samples: 0/0
display  D   display_settings.c:398  _al_score_display_settings       [   0.10096] Single Buffer requirement not met.
display  D   display_settings.c:212  debug_display_settings           [   0.10098] color: 32 (rgba 8880), depth: 0, stencil: 0, acc: 0000, samples: 0/0
display  D   display_settings.c:398  _al_score_display_settings       [   0.10100] Single Buffer requirement not met.
display  D   display_settings.c:212  debug_display_settings           [   0.10101] color: 32 (rgba 8880), depth: 0, stencil: 0, acc: 0000, samples: 2/1
display  D   display_settings.c:398  _al_score_display_settings       [   0.10103] Single Buffer requirement not met.
display  D   display_settings.c:212  debug_display_settings           [   0.10105] color: 32 (rgba 8880), depth: 0, stencil: 0, acc: 0000, samples: 3/1
display  D   display_settings.c:398  _al_score_display_settings       [   0.10107] Single Buffer requirement not met.
display  D   display_settings.c:212  debug_display_settings           [   0.10113] color: 32 (rgba 8880), depth: 24, stencil: 8, acc: 0000, samples: 0/0
display  D   display_settings.c:398  _al_score_display_settings       [   0.10115] Single Buffer requirement not met.
display  D   display_settings.c:212  debug_display_settings           [   0.10117] color: 32 (rgba 8880), depth: 24, stencil: 8, acc: 0000, samples: 0/0
display  D   display_settings.c:398  _al_score_display_settings       [   0.10119] Single Buffer requirement not met.
display  D   display_settings.c:212  debug_display_settings           [   0.10121] color: 32 (rgba 8880), depth: 24, stencil: 8, acc: 0000, samples: 2/1
display  D   display_settings.c:398  _al_score_display_settings       [   0.10123] Single Buffer requirement not met.
display  D   display_settings.c:212  debug_display_settings           [   0.10124] color: 32 (rgba 8880), depth: 24, stencil: 8, acc: 0000, samples: 3/1
display  D   display_settings.c:398  _al_score_display_settings       [   0.10126] Single Buffer requirement not met.
display  D   display_settings.c:212  debug_display_settings           [   0.10128] color: 32 (rgba 8880), depth: 24, stencil: 0, acc: 0000, samples: 0/0
display  D   display_settings.c:398  _al_score_display_settings       [   0.10130] Single Buffer requirement not met.
display  D   display_settings.c:212  debug_display_settings           [   0.10132] color: 32 (rgba 8880), depth: 24, stencil: 0, acc: 0000, samples: 0/0
display  D   display_settings.c:398  _al_score_display_settings       [   0.10134] Single Buffer requirement not met.
display  D   display_settings.c:212  debug_display_settings           [   0.10135] color: 32 (rgba 8880), depth: 24, stencil: 0, acc: 0000, samples: 2/1
display  D   display_settings.c:398  _al_score_display_settings       [   0.10137] Single Buffer requirement not met.
display  D   display_settings.c:212  debug_display_settings           [   0.10139] color: 32 (rgba 8880), depth: 24, stencil: 0, acc: 0000, samples: 3/1
display  D   display_settings.c:398  _al_score_display_settings       [   0.10141] Single Buffer requirement not met.
display  D   display_settings.c:212  debug_display_settings           [   0.10143] color: 32 (rgba 8880), depth: 16, stencil: 0, acc: 0000, samples: 0/0
display  D   display_settings.c:398  _al_score_display_settings       [   0.10145] Single Buffer requirement not met.
display  D   display_settings.c:212  debug_display_settings           [   0.10146] color: 32 (rgba 8880), depth: 16, stencil: 0, acc: 0000, samples: 0/0
display  D   display_settings.c:398  _al_score_display_settings       [   0.10148] Single Buffer requirement not met.
display  D   display_settings.c:212  debug_display_settings           [   0.10150] color: 32 (rgba 8880), depth: 16, stencil: 0, acc: 0000, samples: 2/1
display  D   display_settings.c:398  _al_score_display_settings       [   0.10152] Single Buffer requirement not met.
display  D   display_settings.c:212  debug_display_settings           [   0.10154] color: 32 (rgba 8880), depth: 16, stencil: 0, acc: 0000, samples: 3/1
display  D   display_settings.c:398  _al_score_display_settings       [   0.10155] Single Buffer requirement not met.
display  D   display_settings.c:212  debug_display_settings           [   0.10157] color: 16 (rgba 5650), depth: 0, stencil: 0, acc: 0000, samples: 0/0
display  D   display_settings.c:398  _al_score_display_settings       [   0.10159] Single Buffer requirement not met.
display  D   display_settings.c:212  debug_display_settings           [   0.10161] color: 16 (rgba 5650), depth: 0, stencil: 0, acc: 0000, samples: 0/0
display  D   display_settings.c:398  _al_score_display_settings       [   0.10163] Single Buffer requirement not met.
display  D   display_settings.c:212  debug_display_settings           [   0.10165] color: 16 (rgba 5650), depth: 0, stencil: 0, acc: 0000, samples: 2/1
display  D   display_settings.c:398  _al_score_display_settings       [   0.10167] Single Buffer requirement not met.
display  D   display_settings.c:212  debug_display_settings           [   0.10168] color: 16 (rgba 5650), depth: 0, stencil: 0, acc: 0000, samples: 3/1
display  D   display_settings.c:398  _al_score_display_settings       [   0.10170] Single Buffer requirement not met.
display  D   display_settings.c:212  debug_display_settings           [   0.10172] color: 16 (rgba 5650), depth: 24, stencil: 8, acc: 0000, samples: 0/0
display  D   display_settings.c:398  _al_score_display_settings       [   0.10174] Single Buffer requirement not met.
display  D   display_settings.c:212  debug_display_settings           [   0.10175] color: 16 (rgba 5650), depth: 24, stencil: 8, acc: 0000, samples: 0/0
display  D   display_settings.c:398  _al_score_display_settings       [   0.10177] Single Buffer requirement not met.
display  D   display_settings.c:212  debug_display_settings           [   0.10179] color: 16 (rgba 5650), depth: 24, stencil: 8, acc: 0000, samples: 2/1
display  D   display_settings.c:398  _al_score_display_settings       [   0.10181] Single Buffer requirement not met.
display  D   display_settings.c:212  debug_display_settings           [   0.10182] color: 16 (rgba 5650), depth: 24, stencil: 8, acc: 0000, samples: 3/1
display  D   display_settings.c:398  _al_score_display_settings       [   0.10184] Single Buffer requirement not met.
display  D   display_settings.c:212  debug_display_settings           [   0.10186] color: 16 (rgba 5650), depth: 24, stencil: 0, acc: 0000, samples: 0/0
display  D   display_settings.c:398  _al_score_display_settings       [   0.10191] Single Buffer requirement not met.
display  D   display_settings.c:212  debug_display_settings           [   0.10192] color: 16 (rgba 5650), depth: 24, stencil: 0, acc: 0000, samples: 0/0
display  D   display_settings.c:398  _al_score_display_settings       [   0.10194] Single Buffer requirement not met.
display  D   display_settings.c:212  debug_display_settings           [   0.10196] color: 16 (rgba 5650), depth: 24, stencil: 0, acc: 0000, samples: 2/1
display  D   display_settings.c:398  _al_score_display_settings       [   0.10198] Single Buffer requirement not met.
display  D   display_settings.c:212  debug_display_settings           [   0.10200] color: 16 (rgba 5650), depth: 24, stencil: 0, acc: 0000, samples: 3/1
display  D   display_settings.c:398  _al_score_display_settings       [   0.10202] Single Buffer requirement not met.
display  D   display_settings.c:212  debug_display_settings           [   0.10204] color: 16 (rgba 5650), depth: 16, stencil: 0, acc: 0000, samples: 0/0
display  D   display_settings.c:398  _al_score_display_settings       [   0.10206] Single Buffer requirement not met.
display  D   display_settings.c:212  debug_display_settings           [   0.10232] color: 16 (rgba 5650), depth: 16, stencil: 0, acc: 0000, samples: 0/0
display  D   display_settings.c:398  _al_score_display_settings       [   0.10235] Single Buffer requirement not met.
display  D   display_settings.c:212  debug_display_settings           [   0.10237] color: 16 (rgba 5650), depth: 16, stencil: 0, acc: 0000, samples: 2/1
display  D   display_settings.c:398  _al_score_display_settings       [   0.10239] Single Buffer requirement not met.
display  D   display_settings.c:212  debug_display_settings           [   0.10241] color: 16 (rgba 5650), depth: 16, stencil: 0, acc: 0000, samples: 3/1
display  D   display_settings.c:398  _al_score_display_settings       [   0.10243] Single Buffer requirement not met.
display  D   display_settings.c:212  debug_display_settings           [   0.10245] color: 32 (rgba 8880), depth: 0, stencil: 0, acc: 0000, samples: 0/0
display  D   display_settings.c:527  _al_score_display_settings       [   0.10247] Score is : 769
display  D   display_settings.c:212  debug_display_settings           [   0.10249] color: 32 (rgba 8880), depth: 0, stencil: 0, acc: 0000, samples: 0/0
display  D   display_settings.c:527  _al_score_display_settings       [   0.10251] Score is : 769
display  D   display_settings.c:212  debug_display_settings           [   0.10253] color: 32 (rgba 8880), depth: 0, stencil: 0, acc: 0000, samples: 2/1
display  D   display_settings.c:527  _al_score_display_settings       [   0.10254] Score is : 598
display  D   display_settings.c:212  debug_display_settings           [   0.10256] color: 32 (rgba 8880), depth: 0, stencil: 0, acc: 0000, samples: 3/1
display  D   display_settings.c:527  _al_score_display_settings       [   0.10258] Score is : 593
display  D   display_settings.c:212  debug_display_settings           [   0.10260] color: 32 (rgba 8880), depth: 24, stencil: 8, acc: 0000, samples: 0/0
display  D   display_settings.c:527  _al_score_display_settings       [   0.10261] Score is : 769
display  D   display_settings.c:212  debug_display_settings           [   0.10263] color: 32 (rgba 8880), depth: 24, stencil: 8, acc: 0000, samples: 0/0
display  D   display_settings.c:527  _al_score_display_settings       [   0.10265] Score is : 769
display  D   display_settings.c:212  debug_display_settings           [   0.10267] color: 32 (rgba 8880), depth: 24, stencil: 8, acc: 0000, samples: 2/1
display  D   display_settings.c:527  _al_score_display_settings       [   0.10269] Score is : 598
display  D   display_settings.c:212  debug_display_settings           [   0.10270] color: 32 (rgba 8880), depth: 24, stencil: 8, acc: 0000, samples: 3/1
display  D   display_settings.c:527  _al_score_display_settings       [   0.10272] Score is : 593
display  D   display_settings.c:212  debug_display_settings           [   0.10274] color: 32 (rgba 8880), depth: 24, stencil: 0, acc: 0000, samples: 0/0
display  D   display_settings.c:527  _al_score_display_settings       [   0.10276] Score is : 769
display  D   display_settings.c:212  debug_display_settings           [   0.10278] color: 32 (rgba 8880), depth: 24, stencil: 0, acc: 0000, samples: 0/0
display  D   display_settings.c:527  _al_score_display_settings       [   0.10280] Score is : 769
display  D   display_settings.c:212  debug_display_settings           [   0.10281] color: 32 (rgba 8880), depth: 24, stencil: 0, acc: 0000, samples: 2/1
display  D   display_settings.c:527  _al_score_display_settings       [   0.10283] Score is : 598
display  D   display_settings.c:212  debug_display_settings           [   0.10285] color: 32 (rgba 8880), depth: 24, stencil: 0, acc: 0000, samples: 3/1
display  D   display_settings.c:527  _al_score_display_settings       [   0.10287] Score is : 593
display  D   display_settings.c:212  debug_display_settings           [   0.10288] color: 32 (rgba 8880), depth: 16, stencil: 0, acc: 0000, samples: 0/0
display  D   display_settings.c:527  _al_score_display_settings       [   0.10290] Score is : 769
display  D   display_settings.c:212  debug_display_settings           [   0.10292] color: 32 (rgba 8880), depth: 16, stencil: 0, acc: 0000, samples: 0/0
display  D   display_settings.c:527  _al_score_display_settings       [   0.10294] Score is : 769
display  D   display_settings.c:212  debug_display_settings           [   0.10296] color: 32 (rgba 8880), depth: 16, stencil: 0, acc: 0000, samples: 2/1
display  D   display_settings.c:527  _al_score_display_settings       [   0.10298] Score is : 598
display  D   display_settings.c:212  debug_display_settings           [   0.10299] color: 32 (rgba 8880), depth: 16, stencil: 0, acc: 0000, samples: 3/1
display  D   display_settings.c:527  _al_score_display_settings       [   0.10301] Score is : 593
display  D   display_settings.c:212  debug_display_settings           [   0.10303] color: 16 (rgba 5650), depth: 0, stencil: 0, acc: 0000, samples: 0/0
display  D   display_settings.c:527  _al_score_display_settings       [   0.10305] Score is : 769
display  D   display_settings.c:212  debug_display_settings           [   0.10306] color: 16 (rgba 5650), depth: 0, stencil: 0, acc: 0000, samples: 0/0
display  D   display_settings.c:527  _al_score_display_settings       [   0.10310] Score is : 769
display  D   display_settings.c:212  debug_display_settings           [   0.10312] color: 16 (rgba 5650), depth: 0, stencil: 0, acc: 0000, samples: 2/1
display  D   display_settings.c:527  _al_score_display_settings       [   0.10320] Score is : 598
display  D   display_settings.c:212  debug_display_settings           [   0.10325] color: 16 (rgba 5650), depth: 0, stencil: 0, acc: 0000, samples: 3/1
display  D   display_settings.c:527  _al_score_display_settings       [   0.10327] Score is : 593
display  D   display_settings.c:212  debug_display_settings           [   0.10329] color: 16 (rgba 5650), depth: 24, stencil: 8, acc: 0000, samples: 0/0
display  D   display_settings.c:527  _al_score_display_settings       [   0.10331] Score is : 769
display  D   display_settings.c:212  debug_display_settings           [   0.10385] color: 16 (rgba 5650), depth: 24, stencil: 8, acc: 0000, samples: 0/0
display  D   display_settings.c:527  _al_score_display_settings       [   0.10387] Score is : 769
display  D   display_settings.c:212  debug_display_settings           [   0.10388] color: 16 (rgba 5650), depth: 24, stencil: 8, acc: 0000, samples: 2/1
display  D   display_settings.c:527  _al_score_display_settings       [   0.10390] Score is : 598
display  D   display_settings.c:212  debug_display_settings           [   0.10392] color: 16 (rgba 5650), depth: 24, stencil: 8, acc: 0000, samples: 3/1
display  D   display_settings.c:527  _al_score_display_settings       [   0.10394] Score is : 593
display  D   display_settings.c:212  debug_display_settings           [   0.10395] color: 16 (rgba 5650), depth: 24, stencil: 0, acc: 0000, samples: 0/0
display  D   display_settings.c:527  _al_score_display_settings       [   0.10398] Score is : 769
display  D   display_settings.c:212  debug_display_settings           [   0.10400] color: 16 (rgba 5650), depth: 24, stencil: 0, acc: 0000, samples: 0/0
display  D   display_settings.c:527  _al_score_display_settings       [   0.10402] Score is : 769
display  D   display_settings.c:212  debug_display_settings           [   0.10403] color: 16 (rgba 5650), depth: 24, stencil: 0, acc: 0000, samples: 2/1
display  D   display_settings.c:527  _al_score_display_settings       [   0.10405] Score is : 598
display  D   display_settings.c:212  debug_display_settings           [   0.10407] color: 16 (rgba 5650), depth: 24, stencil: 0, acc: 0000, samples: 3/1
display  D   display_settings.c:527  _al_score_display_settings       [   0.10409] Score is : 593
display  D   display_settings.c:212  debug_display_settings           [   0.10410] color: 16 (rgba 5650), depth: 16, stencil: 0, acc: 0000, samples: 0/0
display  D   display_settings.c:527  _al_score_display_settings       [   0.10412] Score is : 769
display  D   display_settings.c:212  debug_display_settings           [   0.10414] color: 16 (rgba 5650), depth: 16, stencil: 0, acc: 0000, samples: 0/0
display  D   display_settings.c:527  _al_score_display_settings       [   0.10416] Score is : 769
display  D   display_settings.c:212  debug_display_settings           [   0.10417] color: 16 (rgba 5650), depth: 16, stencil: 0, acc: 0000, samples: 2/1
display  D   display_settings.c:527  _al_score_display_settings       [   0.10419] Score is : 598
display  D   display_settings.c:212  debug_display_settings           [   0.10421] color: 16 (rgba 5650), depth: 16, stencil: 0, acc: 0000, samples: 3/1
display  D   display_settings.c:527  _al_score_display_settings       [   0.10423] Score is : 593
display  D   display_settings.c:212  debug_display_settings           [   0.10425] color: 32 (rgba 8880), depth: 0, stencil: 0, acc: 0000, samples: 0/0
display  D   display_settings.c:398  _al_score_display_settings       [   0.10556] Single Buffer requirement not met.
display  D   display_settings.c:212  debug_display_settings           [   0.10559] color: 32 (rgba 8880), depth: 0, stencil: 0, acc: 0000, samples: 0/0
display  D   display_settings.c:398  _al_score_display_settings       [   0.10562] Single Buffer requirement not met.
display  D   display_settings.c:212  debug_display_settings           [   0.10563] color: 32 (rgba 8880), depth: 0, stencil: 0, acc: 0000, samples: 2/1
display  D   display_settings.c:398  _al_score_display_settings       [   0.10565] Single Buffer requirement not met.
display  D   display_settings.c:212  debug_display_settings           [   0.10567] color: 32 (rgba 8880), depth: 0, stencil: 0, acc: 0000, samples: 3/1
display  D   display_settings.c:398  _al_score_display_settings       [   0.10569] Single Buffer requirement not met.
display  D   display_settings.c:212  debug_display_settings           [   0.10571] color: 32 (rgba 8880), depth: 24, stencil: 8, acc: 0000, samples: 0/0
display  D   display_settings.c:398  _al_score_display_settings       [   0.10573] Single Buffer requirement not met.
display  D   display_settings.c:212  debug_display_settings           [   0.10575] color: 32 (rgba 8880), depth: 24, stencil: 8, acc: 0000, samples: 0/0
display  D   display_settings.c:398  _al_score_display_settings       [   0.10577] Single Buffer requirement not met.
display  D   display_settings.c:212  debug_display_settings           [   0.10579] color: 32 (rgba 8880), depth: 24, stencil: 8, acc: 0000, samples: 2/1
display  D   display_settings.c:398  _al_score_display_settings       [   0.10581] Single Buffer requirement not met.
display  D   display_settings.c:212  debug_display_settings           [   0.10583] color: 32 (rgba 8880), depth: 24, stencil: 8, acc: 0000, samples: 3/1
display  D   display_settings.c:398  _al_score_display_settings       [   0.10585] Single Buffer requirement not met.
display  D   display_settings.c:212  debug_display_settings           [   0.10588] color: 32 (rgba 8880), depth: 24, stencil: 0, acc: 0000, samples: 0/0
display  D   display_settings.c:398  _al_score_display_settings       [   0.10590] Single Buffer requirement not met.
display  D   display_settings.c:212  debug_display_settings           [   0.10592] color: 32 (rgba 8880), depth: 24, stencil: 0, acc: 0000, samples: 0/0
display  D   display_settings.c:398  _al_score_display_settings       [   0.10594] Single Buffer requirement not met.
display  D   display_settings.c:212  debug_display_settings           [   0.10596] color: 32 (rgba 8880), depth: 24, stencil: 0, acc: 0000, samples: 2/1
display  D   display_settings.c:398  _al_score_display_settings       [   0.10597] Single Buffer requirement not met.
display  D   display_settings.c:212  debug_display_settings           [   0.10599] color: 32 (rgba 8880), depth: 24, stencil: 0, acc: 0000, samples: 3/1
display  D   display_settings.c:398  _al_score_display_settings       [   0.10601] Single Buffer requirement not met.
display  D   display_settings.c:212  debug_display_settings           [   0.10603] color: 32 (rgba 8880), depth: 16, stencil: 0, acc: 0000, samples: 0/0
display  D   display_settings.c:398  _al_score_display_settings       [   0.10605] Single Buffer requirement not met.
display  D   display_settings.c:212  debug_display_settings           [   0.10606] color: 32 (rgba 8880), depth: 16, stencil: 0, acc: 0000, samples: 0/0
display  D   display_settings.c:398  _al_score_display_settings       [   0.10608] Single Buffer requirement not met.
display  D   display_settings.c:212  debug_display_settings           [   0.10610] color: 32 (rgba 8880), depth: 16, stencil: 0, acc: 0000, samples: 2/1
display  D   display_settings.c:398  _al_score_display_settings       [   0.10612] Single Buffer requirement not met.
display  D   display_settings.c:212  debug_display_settings           [   0.10614] color: 32 (rgba 8880), depth: 16, stencil: 0, acc: 0000, samples: 3/1
display  D   display_settings.c:398  _al_score_display_settings       [   0.10616] Single Buffer requirement not met.
display  D   display_settings.c:212  debug_display_settings           [   0.10617] color: 16 (rgba 5650), depth: 0, stencil: 0, acc: 0000, samples: 0/0
display  D   display_settings.c:398  _al_score_display_settings       [   0.10619] Single Buffer requirement not met.
display  D   display_settings.c:212  debug_display_settings           [   0.10621] color: 16 (rgba 5650), depth: 0, stencil: 0, acc: 0000, samples: 0/0
display  D   display_settings.c:398  _al_score_display_settings       [   0.10623] Single Buffer requirement not met.
display  D   display_settings.c:212  debug_display_settings           [   0.10624] color: 16 (rgba 5650), depth: 0, stencil: 0, acc: 0000, samples: 2/1
display  D   display_settings.c:398  _al_score_display_settings       [   0.10626] Single Buffer requirement not met.
display  D   display_settings.c:212  debug_display_settings           [   0.10628] color: 16 (rgba 5650), depth: 0, stencil: 0, acc: 0000, samples: 3/1
display  D   display_settings.c:398  _al_score_display_settings       [   0.10630] Single Buffer requirement not met.
display  D   display_settings.c:212  debug_display_settings           [   0.10631] color: 16 (rgba 5650), depth: 24, stencil: 8, acc: 0000, samples: 0/0
display  D   display_settings.c:398  _al_score_display_settings       [   0.10633] Single Buffer requirement not met.
display  D   display_settings.c:212  debug_display_settings           [   0.10635] color: 16 (rgba 5650), depth: 24, stencil: 8, acc: 0000, samples: 0/0
display  D   display_settings.c:398  _al_score_display_settings       [   0.10637] Single Buffer requirement not met.
display  D   display_settings.c:212  debug_display_settings           [   0.10640] color: 16 (rgba 5650), depth: 24, stencil: 8, acc: 0000, samples: 2/1
display  D   display_settings.c:398  _al_score_display_settings       [   0.10642] Single Buffer requirement not met.
display  D   display_settings.c:212  debug_display_settings           [   0.10650] color: 16 (rgba 5650), depth: 24, stencil: 8, acc: 0000, samples: 3/1
display  D   display_settings.c:398  _al_score_display_settings       [   0.10652] Single Buffer requirement not met.
display  D   display_settings.c:212  debug_display_settings           [   0.10654] color: 16 (rgba 5650), depth: 24, stencil: 0, acc: 0000, samples: 0/0
display  D   display_settings.c:398  _al_score_display_settings       [   0.10656] Single Buffer requirement not met.
display  D   display_settings.c:212  debug_display_settings           [   0.10658] color: 16 (rgba 5650), depth: 24, stencil: 0, acc: 0000, samples: 0/0
display  D   display_settings.c:398  _al_score_display_settings       [   0.10659] Single Buffer requirement not met.
display  D   display_settings.c:212  debug_display_settings           [   0.10661] color: 16 (rgba 5650), depth: 24, stencil: 0, acc: 0000, samples: 2/1
display  D   display_settings.c:398  _al_score_display_settings       [   0.10663] Single Buffer requirement not met.
display  D   display_settings.c:212  debug_display_settings           [   0.10665] color: 16 (rgba 5650), depth: 24, stencil: 0, acc: 0000, samples: 3/1
display  D   display_settings.c:398  _al_score_display_settings       [   0.10667] Single Buffer requirement not met.
display  D   display_settings.c:212  debug_display_settings           [   0.10668] color: 16 (rgba 5650), depth: 16, stencil: 0, acc: 0000, samples: 0/0
display  D   display_settings.c:398  _al_score_display_settings       [   0.10670] Single Buffer requirement not met.
display  D   display_settings.c:212  debug_display_settings           [   0.10672] color: 16 (rgba 5650), depth: 16, stencil: 0, acc: 0000, samples: 0/0
display  D   display_settings.c:398  _al_score_display_settings       [   0.10674] Single Buffer requirement not met.
display  D   display_settings.c:212  debug_display_settings           [   0.10676] color: 16 (rgba 5650), depth: 16, stencil: 0, acc: 0000, samples: 2/1
display  D   display_settings.c:398  _al_score_display_settings       [   0.10677] Single Buffer requirement not met.
display  D   display_settings.c:212  debug_display_settings           [   0.10679] color: 16 (rgba 5650), depth: 16, stencil: 0, acc: 0000, samples: 3/1
display  D   display_settings.c:398  _al_score_display_settings       [   0.10681] Single Buffer requirement not met.
d3d      D         d3d_disp.cpp:1682 d3d_create_display_internals     [   0.10685] Trying format 0.
d3d      I         d3d_disp.cpp:1358 d3d_display_thread_proc          [   0.10721] Chose a display format: 23
d3d      I         d3d_disp.cpp:1427 d3d_display_thread_proc          [   0.10725] Normal window.
d3d      I         d3d_disp.cpp:791  d3d_create_device                [   0.24234] Using no depth stencil buffer
d3d      D         d3d_disp.cpp:853  d3d_create_device                [   0.29042] BeginScene succeeded in create_device
d3d      D         d3d_disp.cpp:861  d3d_create_device                [   0.29048] Success
d3d      D         d3d_disp.cpp:1705 d3d_create_display_internals     [   0.29053] Resumed after wait.
d3d      I         d3d_disp.cpp:1738 d3d_create_display_internals     [   0.29059] Format 0 succeeded.
d3d      D         d3d_disp.cpp:1769 d3d_create_display_internals     [   0.29062] Returning d3d_display: 0000000000f38d90
d3d      D         d3d_disp.cpp:1794 d3d_create_display_locked        [   0.29064] al_display=0000000000f38d90
d3d      D         d3d_disp.cpp:1795 d3d_create_display_locked        [   0.29065] al_display->vt=0000000000f38c20
system   D            wsystem.c:874  _al_win_safe_load_library        [   0.29093] PathFindOnPath found: C:\Windows\system32\d3dx9_43.dll
system   D            wsystem.c:780  load_library_at_path             [   0.29095] Calling LoadLibrary C:\Windows\system32\d3dx9_43.dll
system   I            wsystem.c:783  load_library_at_path             [   0.29144] Loaded C:\Windows\system32\d3dx9_43.dll
d3dx9    I        d3d_d3dx9.cpp:88   _imp_load_d3dx9_module_version   [   0.29148] Module "d3dx9_43.dll" loaded.
dtor     D               dtor.c:196  _al_register_destructor          [   0.29154] added dtor for queue 000000000275cca0, func 00007ffe1782c5dc
dtor     D               dtor.c:196  _al_register_destructor          [   0.29156] added dtor for timer 00000000027ffe00, func 00007ffe1783fb3b
audio-dsound I           dsound.cpp:271  _dsound_open                     [   0.29172] Starting DirectSound...
audio-dsound D           dsound.cpp:280  _dsound_open                     [   0.32855] DirectSoundCreate8 succeeded
audio-dsound I           dsound.cpp:73   get_window                       [   0.32862] Using desktop window: 0000000000010010
audio    I              audio.c:347  do_install_audio                 [   0.32873] Using DirectSound driver
stdio    D         file_stdio.c:110  file_stdio_fopen                 [   0.32876] opening Caviar_Dreams_Bold.ttf rb
font     E                ttf.c:995  al_load_ttf_font_stretch         [   0.32884] Unable to open file for reading: Caviar_Dreams_Bold.ttf
stdio    D         file_stdio.c:110  file_stdio_fopen                 [   0.32886] opening Caviar_Dreams_Bold.ttf rb
font     E                ttf.c:995  al_load_ttf_font_stretch         [   0.32889] Unable to open file for reading: Caviar_Dreams_Bold.ttf
stdio    D         file_stdio.c:110  file_stdio_fopen                 [   0.32891] opening Caviar_Dreams_Bold.ttf rb
font     E                ttf.c:995  al_load_ttf_font_stretch         [   0.32894] Unable to open file for reading: Caviar_Dreams_Bold.ttf
stdio    D         file_stdio.c:110  file_stdio_fopen                 [   0.32896] opening ./icon.png rb
stdio    D         file_stdio.c:110  file_stdio_fopen                 [   0.32914] opening ./icon.png rb
d3d      D         d3d_disp.cpp:1202 real_choose_bitmap_format        [   0.32928] Fake format
d3d      D         d3d_disp.cpp:1202 real_choose_bitmap_format        [   0.32930] Fake format
d3d      D         d3d_disp.cpp:1202 real_choose_bitmap_format        [   0.32931] Fake format
d3d      D         d3d_disp.cpp:1202 real_choose_bitmap_format        [   0.32932] Fake format
d3d      D         d3d_disp.cpp:1202 real_choose_bitmap_format        [   0.32934] Fake format
d3d      D         d3d_disp.cpp:1202 real_choose_bitmap_format        [   0.32935] Fake format
d3d      D         d3d_disp.cpp:1202 real_choose_bitmap_format        [   0.32936] Fake format
d3d      D         d3d_disp.cpp:1202 real_choose_bitmap_format        [   0.32937] Fake format
d3d      D         d3d_disp.cpp:1202 real_choose_bitmap_format        [   0.32939] Fake format
d3d      D         d3d_disp.cpp:1210 real_choose_bitmap_format        [   0.32940] Alpha doesn't match
d3d      D         d3d_disp.cpp:1217 real_choose_bitmap_format        [   0.32941] Adapter format is 23
d3d      D         d3d_disp.cpp:1220 real_choose_bitmap_format        [   0.32943] Found a format
d3d      I         d3d_disp.cpp:2391 d3d_create_bitmap                [   0.32945] Chose bitmap format 9
dtor     D               dtor.c:196  _al_register_destructor          [   0.32989] added dtor for bitmap 000000000280dfa0, func 00007ffe17801bea
stdio    D         file_stdio.c:110  file_stdio_fopen                 [   0.45647] opening ./StartBackground.png rb
stdio    D         file_stdio.c:110  file_stdio_fopen                 [   0.45693] opening ./StartBackground.png rb
d3d      D         d3d_disp.cpp:1202 real_choose_bitmap_format        [   0.45710] Fake format
d3d      D         d3d_disp.cpp:1202 real_choose_bitmap_format        [   0.45713] Fake format
d3d      D         d3d_disp.cpp:1202 real_choose_bitmap_format        [   0.45715] Fake format
d3d      D         d3d_disp.cpp:1202 real_choose_bitmap_format        [   0.45716] Fake format
d3d      D         d3d_disp.cpp:1202 real_choose_bitmap_format        [   0.45718] Fake format
d3d      D         d3d_disp.cpp:1202 real_choose_bitmap_format        [   0.45721] Fake format
d3d      D         d3d_disp.cpp:1202 real_choose_bitmap_format        [   0.45722] Fake format
d3d      D         d3d_disp.cpp:1202 real_choose_bitmap_format        [   0.45725] Fake format
d3d      D         d3d_disp.cpp:1202 real_choose_bitmap_format        [   0.45726] Fake format
d3d      D         d3d_disp.cpp:1210 real_choose_bitmap_format        [   0.45728] Alpha doesn't match
d3d      D         d3d_disp.cpp:1217 real_choose_bitmap_format        [   0.45731] Adapter format is 23
d3d      D         d3d_disp.cpp:1220 real_choose_bitmap_format        [   0.45733] Found a format
d3d      I         d3d_disp.cpp:2391 d3d_create_bitmap                [   0.45734] Chose bitmap format 9
dtor     D               dtor.c:196  _al_register_destructor          [   0.45805] added dtor for bitmap 000000000280f7f0, func 00007ffe17801bea
d3d      D         d3d_disp.cpp:1202 real_choose_bitmap_format        [   0.50634] Fake format
d3d      D         d3d_disp.cpp:1202 real_choose_bitmap_format        [   0.50653] Fake format
d3d      D         d3d_disp.cpp:1202 real_choose_bitmap_format        [   0.50654] Fake format
d3d      D         d3d_disp.cpp:1202 real_choose_bitmap_format        [   0.50655] Fake format
d3d      D         d3d_disp.cpp:1202 real_choose_bitmap_format        [   0.50657] Fake format
d3d      D         d3d_disp.cpp:1202 real_choose_bitmap_format        [   0.50658] Fake format
d3d      D         d3d_disp.cpp:1202 real_choose_bitmap_format        [   0.50659] Fake format
d3d      D         d3d_disp.cpp:1202 real_choose_bitmap_format        [   0.50661] Fake format
d3d      D         d3d_disp.cpp:1202 real_choose_bitmap_format        [   0.50662] Fake format
d3d      D         d3d_disp.cpp:1210 real_choose_bitmap_format        [   0.50663] Alpha doesn't match
d3d      D         d3d_disp.cpp:1217 real_choose_bitmap_format        [   0.50665] Adapter format is 23
d3d      D         d3d_disp.cpp:1220 real_choose_bitmap_format        [   0.50668] Found a format
d3d      I         d3d_disp.cpp:2391 d3d_create_bitmap                [   0.50669] Chose bitmap format 9
dtor     D               dtor.c:196  _al_register_destructor          [   0.50707] added dtor for bitmap 000000000280f9a0, func 00007ffe17801bea
d3d      D          d3d_bmp.cpp:539  _al_d3d_sync_bitmap              [   0.51370] _al_d3d_sync_bitmap (system) ref count == 1
d3d      D          d3d_bmp.cpp:545  _al_d3d_sync_bitmap              [   0.51379] _al_d3d_sync_bitmap (video) ref count == 1
dtor     D               dtor.c:227  _al_unregister_destructor        [   0.53164] removed dtor for bitmap 000000000280f9a0
d3d      D         d3d_disp.cpp:1202 real_choose_bitmap_format        [   0.53387] Fake format
d3d      D         d3d_disp.cpp:1202 real_choose_bitmap_format        [   0.53395] Fake format
d3d      D         d3d_disp.cpp:1202 real_choose_bitmap_format        [   0.53397] Fake format
d3d      D         d3d_disp.cpp:1202 real_choose_bitmap_format        [   0.53398] Fake format
d3d      D         d3d_disp.cpp:1202 real_choose_bitmap_format        [   0.53400] Fake format
d3d      D         d3d_disp.cpp:1202 real_choose_bitmap_format        [   0.53401] Fake format
d3d      D         d3d_disp.cpp:1202 real_choose_bitmap_format        [   0.53403] Fake format
d3d      D         d3d_disp.cpp:1202 real_choose_bitmap_format        [   0.53404] Fake format
d3d      D         d3d_disp.cpp:1202 real_choose_bitmap_format        [   0.53406] Fake format
d3d      D         d3d_disp.cpp:1210 real_choose_bitmap_format        [   0.53407] Alpha doesn't match
d3d      D         d3d_disp.cpp:1217 real_choose_bitmap_format        [   0.53409] Adapter format is 23
d3d      D         d3d_disp.cpp:1220 real_choose_bitmap_format        [   0.53411] Found a format
d3d      I         d3d_disp.cpp:2391 d3d_create_bitmap                [   0.53413] Chose bitmap format 9
dtor     D               dtor.c:196  _al_register_destructor          [   0.53461] added dtor for bitmap 000000000280f9a0, func 00007ffe17801bea
d3d      D          d3d_bmp.cpp:539  _al_d3d_sync_bitmap              [   0.54507] _al_d3d_sync_bitmap (system) ref count == 1
d3d      D          d3d_bmp.cpp:545  _al_d3d_sync_bitmap              [   0.54524] _al_d3d_sync_bitmap (video) ref count == 1
dtor     D               dtor.c:227  _al_unregister_destructor        [   0.55527] removed dtor for bitmap 000000000280f9a0
audio-dsound D           dsound.cpp:311  _dsound_allocate_voice           [   0.55719] Allocating voice
audio-dsound D           dsound.cpp:370  _dsound_allocate_voice           [   0.55727] Allocated voice
dtor     D               dtor.c:196  _al_register_destructor          [   0.55731] added dtor for voice 0000000002800db0, func 00007ffe17935024
dtor     D               dtor.c:196  _al_register_destructor          [   0.55738] added dtor for mixer 000000000280f9a0, func 00007ffe179304dc
audio-dsound D           dsound.cpp:466  _dsound_start_voice              [   0.55741] Starting voice
audio-dsound D           dsound.cpp:494  _dsound_start_voice              [   0.55743] CreateSoundBuffer
audio-dsound D           dsound.cpp:502  _dsound_start_voice              [   0.56197] CreateSoundBuffer succeeded
audio-dsound D           dsound.cpp:508  _dsound_start_voice              [   0.56208] Starting _dsound_update thread
audio-dsound I           dsound.cpp:518  _dsound_start_voice              [   0.56222] Voice started
dtor     D               dtor.c:196  _al_register_destructor          [   0.56226] added dtor for sample_instance 000000000280fdf0, func 00007ffe1792929b
audio    D          kcm_mixer.c:121  _al_rechannel_matrix             [   0.56229] sample matrix:
audio    D          kcm_mixer.c:127  _al_rechannel_matrix             [   0.56232] 
audio    D          kcm_mixer.c:127  _al_rechannel_matrix             [   0.56234] 
dtor     D               dtor.c:196  _al_register_destructor          [   0.56237] added dtor for sample_instance 000000000280e150, func 00007ffe1792929b
audio    D          kcm_mixer.c:121  _al_rechannel_matrix             [   0.56240] sample matrix:
audio    D          kcm_mixer.c:127  _al_rechannel_matrix             [   0.56242] 
audio    D          kcm_mixer.c:127  _al_rechannel_matrix             [   0.56244] 
dtor     D               dtor.c:196  _al_register_destructor          [   0.56246] added dtor for sample_instance 000000000280e270, func 00007ffe1792929b
audio    D          kcm_mixer.c:121  _al_rechannel_matrix             [   0.56249] sample matrix:
audio    D          kcm_mixer.c:127  _al_rechannel_matrix             [   0.56252] 
audio    D          kcm_mixer.c:127  _al_rechannel_matrix             [   0.56254] 
stdio    D         file_stdio.c:110  file_stdio_fopen                 [   0.56257] opening growl.wav rb
wav      E                wav.c:310  _al_load_wav                     [   0.56270] Unable to open growl.wav for reading.
dtor     D               dtor.c:196  _al_register_destructor          [   0.56273] added dtor for sample_instance 000000000280e680, func 00007ffe1792929b
audio    D          kcm_mixer.c:121  _al_rechannel_matrix             [   0.56276] sample matrix:
audio    D          kcm_mixer.c:127  _al_rechannel_matrix             [   0.56279] 
audio    D          kcm_mixer.c:127  _al_rechannel_matrix             [   0.56281] 
acodec   I                ogg.c:204  _al_load_ogg_vorbis              [   0.56284] Loading sample BackgroundMusic.ogg.
stdio    D         file_stdio.c:110  file_stdio_fopen                 [   0.56286] opening BackgroundMusic.ogg rb
acodec   E                ogg.c:207  _al_load_ogg_vorbis              [   0.56293] Unable to open BackgroundMusic.ogg for reading.
dtor     D               dtor.c:196  _al_register_destructor          [   0.56296] added dtor for sample_instance 000000000280fb00, func 00007ffe1792929b
audio    D          kcm_mixer.c:121  _al_rechannel_matrix             [   0.56303] sample matrix:
audio    D          kcm_mixer.c:127  _al_rechannel_matrix             [   0.56305] 
audio    D          kcm_mixer.c:127  _al_rechannel_matrix             [   0.56307] 
stdio    D         file_stdio.c:110  file_stdio_fopen                 [   0.56326] opening ./srcs/Hero/HERO_LEFT_MOVE_1.png rb
stdio    D         file_stdio.c:110  file_stdio_fopen                 [   0.56352] opening ./srcs/Hero/HERO_LEFT_MOVE_1.png rb
d3d      D         d3d_disp.cpp:1202 real_choose_bitmap_format        [   0.56367] Fake format
d3d      D         d3d_disp.cpp:1202 real_choose_bitmap_format        [   0.56370] Fake format
d3d      D         d3d_disp.cpp:1202 real_choose_bitmap_format        [   0.56373] Fake format
d3d      D         d3d_disp.cpp:1202 real_choose_bitmap_format        [   0.56375] Fake format
d3d      D         d3d_disp.cpp:1202 real_choose_bitmap_format        [   0.56377] Fake format
d3d      D         d3d_disp.cpp:1202 real_choose_bitmap_format        [   0.56379] Fake format
d3d      D         d3d_disp.cpp:1202 real_choose_bitmap_format        [   0.56382] Fake format
d3d      D         d3d_disp.cpp:1202 real_choose_bitmap_format        [   0.56384] Fake format
d3d      D         d3d_disp.cpp:1202 real_choose_bitmap_format        [   0.56386] Fake format
d3d      D         d3d_disp.cpp:1210 real_choose_bitmap_format        [   0.56388] Alpha doesn't match
d3d      D         d3d_disp.cpp:1217 real_choose_bitmap_format        [   0.56390] Adapter format is 23
d3d      D         d3d_disp.cpp:1220 real_choose_bitmap_format        [   0.56393] Found a format
d3d      I         d3d_disp.cpp:2391 d3d_create_bitmap                [   0.56395] Chose bitmap format 9
dtor     D               dtor.c:196  _al_register_destructor          [   0.56461] added dtor for bitmap 000000000280efa0, func 00007ffe17801bea
stdio    D         file_stdio.c:110  file_stdio_fopen                 [   0.56715] opening ./srcs/Hero/HERO_LEFT_MOVE_2.png rb
stdio    D         file_stdio.c:110  file_stdio_fopen                 [   0.56744] opening ./srcs/Hero/HERO_LEFT_MOVE_2.png rb
d3d      D         d3d_disp.cpp:1202 real_choose_bitmap_format        [   0.56760] Fake format
d3d      D         d3d_disp.cpp:1202 real_choose_bitmap_format        [   0.56764] Fake format
d3d      D         d3d_disp.cpp:1202 real_choose_bitmap_format        [   0.56767] Fake format
d3d      D         d3d_disp.cpp:1202 real_choose_bitmap_format        [   0.56769] Fake format
d3d      D         d3d_disp.cpp:1202 real_choose_bitmap_format        [   0.56772] Fake format
d3d      D         d3d_disp.cpp:1202 real_choose_bitmap_format        [   0.56775] Fake format
d3d      D         d3d_disp.cpp:1202 real_choose_bitmap_format        [   0.56777] Fake format
d3d      D         d3d_disp.cpp:1202 real_choose_bitmap_format        [   0.56780] Fake format
d3d      D         d3d_disp.cpp:1202 real_choose_bitmap_format        [   0.56782] Fake format
d3d      D         d3d_disp.cpp:1210 real_choose_bitmap_format        [   0.56785] Alpha doesn't match
d3d      D         d3d_disp.cpp:1217 real_choose_bitmap_format        [   0.56788] Adapter format is 23
d3d      D         d3d_disp.cpp:1220 real_choose_bitmap_format        [   0.56791] Found a format
d3d      I         d3d_disp.cpp:2391 d3d_create_bitmap                [   0.56794] Chose bitmap format 9
dtor     D               dtor.c:196  _al_register_destructor          [   0.56865] added dtor for bitmap 000000000280f4b0, func 00007ffe17801bea
stdio    D         file_stdio.c:110  file_stdio_fopen                 [   0.57283] opening ./srcs/Hero/HERO_LEFT_MOVE_3.png rb
stdio    D         file_stdio.c:110  file_stdio_fopen                 [   0.57316] opening ./srcs/Hero/HERO_LEFT_MOVE_3.png rb
d3d      D         d3d_disp.cpp:1202 real_choose_bitmap_format        [   0.57331] Fake format
d3d      D         d3d_disp.cpp:1202 real_choose_bitmap_format        [   0.57334] Fake format
d3d      D         d3d_disp.cpp:1202 real_choose_bitmap_format        [   0.57336] Fake format
d3d      D         d3d_disp.cpp:1202 real_choose_bitmap_format        [   0.57338] Fake format
d3d      D         d3d_disp.cpp:1202 real_choose_bitmap_format        [   0.57340] Fake format
d3d      D         d3d_disp.cpp:1202 real_choose_bitmap_format        [   0.57342] Fake format
d3d      D         d3d_disp.cpp:1202 real_choose_bitmap_format        [   0.57344] Fake format
d3d      D         d3d_disp.cpp:1202 real_choose_bitmap_format        [   0.57346] Fake format
d3d      D         d3d_disp.cpp:1202 real_choose_bitmap_format        [   0.57348] Fake format
d3d      D         d3d_disp.cpp:1210 real_choose_bitmap_format        [   0.57350] Alpha doesn't match
d3d      D         d3d_disp.cpp:1217 real_choose_bitmap_format        [   0.57351] Adapter format is 23
d3d      D         d3d_disp.cpp:1220 real_choose_bitmap_format        [   0.57353] Found a format
d3d      I         d3d_disp.cpp:2391 d3d_create_bitmap                [   0.57355] Chose bitmap format 9
dtor     D               dtor.c:196  _al_register_destructor          [   0.57417] added dtor for bitmap 000000000280fc20, func 00007ffe17801bea
stdio    D         file_stdio.c:110  file_stdio_fopen                 [   0.57658] opening ./srcs/Hero/HERO_LEFT_MOVE_4.png rb
stdio    D         file_stdio.c:110  file_stdio_fopen                 [   0.57680] opening ./srcs/Hero/HERO_LEFT_MOVE_4.png rb
d3d      D         d3d_disp.cpp:1202 real_choose_bitmap_format        [   0.57695] Fake format
d3d      D         d3d_disp.cpp:1202 real_choose_bitmap_format        [   0.57697] Fake format
d3d      D         d3d_disp.cpp:1202 real_choose_bitmap_format        [   0.57699] Fake format
d3d      D         d3d_disp.cpp:1202 real_choose_bitmap_format        [   0.57701] Fake format
d3d      D         d3d_disp.cpp:1202 real_choose_bitmap_format        [   0.57702] Fake format
d3d      D         d3d_disp.cpp:1202 real_choose_bitmap_format        [   0.57704] Fake format
d3d      D         d3d_disp.cpp:1202 real_choose_bitmap_format        [   0.57706] Fake format
d3d      D         d3d_disp.cpp:1202 real_choose_bitmap_format        [   0.57707] Fake format
d3d      D         d3d_disp.cpp:1202 real_choose_bitmap_format        [   0.57709] Fake format
d3d      D         d3d_disp.cpp:1210 real_choose_bitmap_format        [   0.57711] Alpha doesn't match
d3d      D         d3d_disp.cpp:1217 real_choose_bitmap_format        [   0.57712] Adapter format is 23
d3d      D         d3d_disp.cpp:1220 real_choose_bitmap_format        [   0.57714] Found a format
d3d      I         d3d_disp.cpp:2391 d3d_create_bitmap                [   0.57716] Chose bitmap format 9
dtor     D               dtor.c:196  _al_register_destructor          [   0.57763] added dtor for bitmap 000000000280ec40, func 00007ffe17801bea
stdio    D         file_stdio.c:110  file_stdio_fopen                 [   0.57963] opening ./srcs/Hero/HERO_LEFT_MOVE_5.png rb
stdio    D         file_stdio.c:110  file_stdio_fopen                 [   0.57983] opening ./srcs/Hero/HERO_LEFT_MOVE_5.png rb
d3d      D         d3d_disp.cpp:1202 real_choose_bitmap_format        [   0.57993] Fake format
d3d      D         d3d_disp.cpp:1202 real_choose_bitmap_format        [   0.57995] Fake format
d3d      D         d3d_disp.cpp:1202 real_choose_bitmap_format        [   0.57996] Fake format
d3d      D         d3d_disp.cpp:1202 real_choose_bitmap_format        [   0.57998] Fake format
d3d      D         d3d_disp.cpp:1202 real_choose_bitmap_format        [   0.57999] Fake format
d3d      D         d3d_disp.cpp:1202 real_choose_bitmap_format        [   0.58001] Fake format
d3d      D         d3d_disp.cpp:1202 real_choose_bitmap_format        [   0.58003] Fake format
d3d      D         d3d_disp.cpp:1202 real_choose_bitmap_format        [   0.58004] Fake format
d3d      D         d3d_disp.cpp:1202 real_choose_bitmap_format        [   0.58006] Fake format
d3d      D         d3d_disp.cpp:1210 real_choose_bitmap_format        [   0.58008] Alpha doesn't match
d3d      D         d3d_disp.cpp:1217 real_choose_bitmap_format        [   0.58009] Adapter format is 23
d3d      D         d3d_disp.cpp:1220 real_choose_bitmap_format        [   0.58011] Found a format
d3d      I         d3d_disp.cpp:2391 d3d_create_bitmap                [   0.58012] Chose bitmap format 9
dtor     D               dtor.c:196  _al_register_destructor          [   0.58060] added dtor for bitmap 000000000280edf0, func 00007ffe17801bea
stdio    D         file_stdio.c:110  file_stdio_fopen                 [   0.58271] opening ./srcs/Hero/HERO_LEFT_MOVE_6.png rb
stdio    D         file_stdio.c:110  file_stdio_fopen                 [   0.58288] opening ./srcs/Hero/HERO_LEFT_MOVE_6.png rb
d3d      D         d3d_disp.cpp:1202 real_choose_bitmap_format        [   0.58299] Fake format
d3d      D         d3d_disp.cpp:1202 real_choose_bitmap_format        [   0.58301] Fake format
d3d      D         d3d_disp.cpp:1202 real_choose_bitmap_format        [   0.58302] Fake format
d3d      D         d3d_disp.cpp:1202 real_choose_bitmap_format        [   0.58304] Fake format
d3d      D         d3d_disp.cpp:1202 real_choose_bitmap_format        [   0.58307] Fake format
d3d      D         d3d_disp.cpp:1202 real_choose_bitmap_format        [   0.58308] Fake format
d3d      D         d3d_disp.cpp:1202 real_choose_bitmap_format        [   0.58310] Fake format
d3d      D         d3d_disp.cpp:1202 real_choose_bitmap_format        [   0.58311] Fake format
d3d      D         d3d_disp.cpp:1202 real_choose_bitmap_format        [   0.58312] Fake format
d3d      D         d3d_disp.cpp:1210 real_choose_bitmap_format        [   0.58314] Alpha doesn't match
d3d      D         d3d_disp.cpp:1217 real_choose_bitmap_format        [   0.58315] Adapter format is 23
d3d      D         d3d_disp.cpp:1220 real_choose_bitmap_format        [   0.58317] Found a format
d3d      I         d3d_disp.cpp:2391 d3d_create_bitmap                [   0.58319] Chose bitmap format 9
dtor     D               dtor.c:196  _al_register_destructor          [   0.58358] added dtor for bitmap 0000000002819f90, func 00007ffe17801bea
stdio    D         file_stdio.c:110  file_stdio_fopen                 [   0.58580] opening ./srcs/Hero/HERO_LEFT_MOVE_7.png rb
stdio    D         file_stdio.c:110  file_stdio_fopen                 [   0.58601] opening ./srcs/Hero/HERO_LEFT_MOVE_7.png rb
d3d      D         d3d_disp.cpp:1202 real_choose_bitmap_format        [   0.58610] Fake format
d3d      D         d3d_disp.cpp:1202 real_choose_bitmap_format        [   0.58612] Fake format
d3d      D         d3d_disp.cpp:1202 real_choose_bitmap_format        [   0.58613] Fake format
d3d      D         d3d_disp.cpp:1202 real_choose_bitmap_format        [   0.58614] Fake format
d3d      D         d3d_disp.cpp:1202 real_choose_bitmap_format        [   0.58616] Fake format
d3d      D         d3d_disp.cpp:1202 real_choose_bitmap_format        [   0.58617] Fake format
d3d      D         d3d_disp.cpp:1202 real_choose_bitmap_format        [   0.58618] Fake format
d3d      D         d3d_disp.cpp:1202 real_choose_bitmap_format        [   0.58619] Fake format
d3d      D         d3d_disp.cpp:1202 real_choose_bitmap_format        [   0.58621] Fake format
d3d      D         d3d_disp.cpp:1210 real_choose_bitmap_format        [   0.58622] Alpha doesn't match
d3d      D         d3d_disp.cpp:1217 real_choose_bitmap_format        [   0.58623] Adapter format is 23
d3d      D         d3d_disp.cpp:1220 real_choose_bitmap_format        [   0.58625] Found a format
d3d      I         d3d_disp.cpp:2391 d3d_create_bitmap                [   0.58627] Chose bitmap format 9
dtor     D               dtor.c:196  _al_register_destructor          [   0.58674] added dtor for bitmap 000000000281a140, func 00007ffe17801bea
stdio    D         file_stdio.c:110  file_stdio_fopen                 [   0.58872] opening ./srcs/Hero/HERO_LEFT_MOVE_8.png rb
stdio    D         file_stdio.c:110  file_stdio_fopen                 [   0.58889] opening ./srcs/Hero/HERO_LEFT_MOVE_8.png rb
d3d      D         d3d_disp.cpp:1202 real_choose_bitmap_format        [   0.58898] Fake format
d3d      D         d3d_disp.cpp:1202 real_choose_bitmap_format        [   0.58900] Fake format
d3d      D         d3d_disp.cpp:1202 real_choose_bitmap_format        [   0.58901] Fake format
d3d      D         d3d_disp.cpp:1202 real_choose_bitmap_format        [   0.58903] Fake format
d3d      D         d3d_disp.cpp:1202 real_choose_bitmap_format        [   0.58904] Fake format
d3d      D         d3d_disp.cpp:1202 real_choose_bitmap_format        [   0.58906] Fake format
d3d      D         d3d_disp.cpp:1202 real_choose_bitmap_format        [   0.58907] Fake format
d3d      D         d3d_disp.cpp:1202 real_choose_bitmap_format        [   0.58908] Fake format
d3d      D         d3d_disp.cpp:1202 real_choose_bitmap_format        [   0.58909] Fake format
d3d      D         d3d_disp.cpp:1210 real_choose_bitmap_format        [   0.58911] Alpha doesn't match
d3d      D         d3d_disp.cpp:1217 real_choose_bitmap_format        [   0.58912] Adapter format is 23
d3d      D         d3d_disp.cpp:1220 real_choose_bitmap_format        [   0.58913] Found a format
d3d      I         d3d_disp.cpp:2391 d3d_create_bitmap                [   0.58915] Chose bitmap format 9
dtor     D               dtor.c:196  _al_register_destructor          [   0.58952] added dtor for bitmap 000000000281a2f0, func 00007ffe17801bea
stdio    D         file_stdio.c:110  file_stdio_fopen                 [   0.59127] opening ./srcs/Hero/HERO_RIGHT_MOVE_1.png rb
stdio    D         file_stdio.c:110  file_stdio_fopen                 [   0.59142] opening ./srcs/Hero/HERO_RIGHT_MOVE_1.png rb
d3d      D         d3d_disp.cpp:1202 real_choose_bitmap_format        [   0.59150] Fake format
d3d      D         d3d_disp.cpp:1202 real_choose_bitmap_format        [   0.59152] Fake format
d3d      D         d3d_disp.cpp:1202 real_choose_bitmap_format        [   0.59153] Fake format
d3d      D         d3d_disp.cpp:1202 real_choose_bitmap_format        [   0.59154] Fake format
d3d      D         d3d_disp.cpp:1202 real_choose_bitmap_format        [   0.59155] Fake format
d3d      D         d3d_disp.cpp:1202 real_choose_bitmap_format        [   0.59157] Fake format
d3d      D         d3d_disp.cpp:1202 real_choose_bitmap_format        [   0.59158] Fake format
d3d      D         d3d_disp.cpp:1202 real_choose_bitmap_format        [   0.59159] Fake format
d3d      D         d3d_disp.cpp:1202 real_choose_bitmap_format        [   0.59160] Fake format
d3d      D         d3d_disp.cpp:1210 real_choose_bitmap_format        [   0.59161] Alpha doesn't match
d3d      D         d3d_disp.cpp:1217 real_choose_bitmap_format        [   0.59163] Adapter format is 23
d3d      D         d3d_disp.cpp:1220 real_choose_bitmap_format        [   0.59164] Found a format
d3d      I         d3d_disp.cpp:2391 d3d_create_bitmap                [   0.59165] Chose bitmap format 9
dtor     D               dtor.c:196  _al_register_destructor          [   0.59202] added dtor for bitmap 000000000281acb0, func 00007ffe17801bea
stdio    D         file_stdio.c:110  file_stdio_fopen                 [   0.59359] opening ./srcs/Hero/HERO_RIGHT_MOVE_2.png rb
stdio    D         file_stdio.c:110  file_stdio_fopen                 [   0.59372] opening ./srcs/Hero/HERO_RIGHT_MOVE_2.png rb
d3d      D         d3d_disp.cpp:1202 real_choose_bitmap_format        [   0.59379] Fake format
d3d      D         d3d_disp.cpp:1202 real_choose_bitmap_format        [   0.59381] Fake format
d3d      D         d3d_disp.cpp:1202 real_choose_bitmap_format        [   0.59383] Fake format
d3d      D         d3d_disp.cpp:1202 real_choose_bitmap_format        [   0.59385] Fake format
d3d      D         d3d_disp.cpp:1202 real_choose_bitmap_format        [   0.59386] Fake format
d3d      D         d3d_disp.cpp:1202 real_choose_bitmap_format        [   0.59387] Fake format
d3d      D         d3d_disp.cpp:1202 real_choose_bitmap_format        [   0.59389] Fake format
d3d      D         d3d_disp.cpp:1202 real_choose_bitmap_format        [   0.59390] Fake format
d3d      D         d3d_disp.cpp:1202 real_choose_bitmap_format        [   0.59391] Fake format
d3d      D         d3d_disp.cpp:1210 real_choose_bitmap_format        [   0.59392] Alpha doesn't match
d3d      D         d3d_disp.cpp:1217 real_choose_bitmap_format        [   0.59393] Adapter format is 23
d3d      D         d3d_disp.cpp:1220 real_choose_bitmap_format        [   0.59409] Found a format
d3d      I         d3d_disp.cpp:2391 d3d_create_bitmap                [   0.59410] Chose bitmap format 9
dtor     D               dtor.c:196  _al_register_destructor          [   0.59439] added dtor for bitmap 000000000281d8a0, func 00007ffe17801bea
stdio    D         file_stdio.c:110  file_stdio_fopen                 [   0.59585] opening ./srcs/Hero/HERO_RIGHT_MOVE_3.png rb
stdio    D         file_stdio.c:110  file_stdio_fopen                 [   0.59599] opening ./srcs/Hero/HERO_RIGHT_MOVE_3.png rb
d3d      D         d3d_disp.cpp:1202 real_choose_bitmap_format        [   0.59606] Fake format
d3d      D         d3d_disp.cpp:1202 real_choose_bitmap_format        [   0.59608] Fake format
d3d      D         d3d_disp.cpp:1202 real_choose_bitmap_format        [   0.59609] Fake format
d3d      D         d3d_disp.cpp:1202 real_choose_bitmap_format        [   0.59611] Fake format
d3d      D         d3d_disp.cpp:1202 real_choose_bitmap_format        [   0.59612] Fake format
d3d      D         d3d_disp.cpp:1202 real_choose_bitmap_format        [   0.59613] Fake format
d3d      D         d3d_disp.cpp:1202 real_choose_bitmap_format        [   0.59614] Fake format
d3d      D         d3d_disp.cpp:1202 real_choose_bitmap_format        [   0.59615] Fake format
d3d      D         d3d_disp.cpp:1202 real_choose_bitmap_format        [   0.59618] Fake format
d3d      D         d3d_disp.cpp:1210 real_choose_bitmap_format        [   0.59619] Alpha doesn't match
d3d      D         d3d_disp.cpp:1217 real_choose_bitmap_format        [   0.59620] Adapter format is 23
d3d      D         d3d_disp.cpp:1220 real_choose_bitmap_format        [   0.59621] Found a format
d3d      I         d3d_disp.cpp:2391 d3d_create_bitmap                [   0.59623] Chose bitmap format 9
dtor     D               dtor.c:196  _al_register_destructor          [   0.59655] added dtor for bitmap 000000000281da50, func 00007ffe17801bea
stdio    D         file_stdio.c:110  file_stdio_fopen                 [   0.59813] opening ./srcs/Hero/HERO_RIGHT_MOVE_4.png rb
stdio    D         file_stdio.c:110  file_stdio_fopen                 [   0.59826] opening ./srcs/Hero/HERO_RIGHT_MOVE_4.png rb
d3d      D         d3d_disp.cpp:1202 real_choose_bitmap_format        [   0.59833] Fake format
d3d      D         d3d_disp.cpp:1202 real_choose_bitmap_format        [   0.59835] Fake format
d3d      D         d3d_disp.cpp:1202 real_choose_bitmap_format        [   0.59836] Fake format
d3d      D         d3d_disp.cpp:1202 real_choose_bitmap_format        [   0.59837] Fake format
d3d      D         d3d_disp.cpp:1202 real_choose_bitmap_format        [   0.59838] Fake format
d3d      D         d3d_disp.cpp:1202 real_choose_bitmap_format        [   0.59840] Fake format
d3d      D         d3d_disp.cpp:1202 real_choose_bitmap_format        [   0.59842] Fake format
d3d      D         d3d_disp.cpp:1202 real_choose_bitmap_format        [   0.59843] Fake format
d3d      D         d3d_disp.cpp:1202 real_choose_bitmap_format        [   0.59844] Fake format
d3d      D         d3d_disp.cpp:1210 real_choose_bitmap_format        [   0.59845] Alpha doesn't match
d3d      D         d3d_disp.cpp:1217 real_choose_bitmap_format        [   0.59846] Adapter format is 23
d3d      D         d3d_disp.cpp:1220 real_choose_bitmap_format        [   0.59848] Found a format
d3d      I         d3d_disp.cpp:2391 d3d_create_bitmap                [   0.59849] Chose bitmap format 9
dtor     D               dtor.c:196  _al_register_destructor          [   0.59882] added dtor for bitmap 000000000281dc00, func 00007ffe17801bea
stdio    D         file_stdio.c:110  file_stdio_fopen                 [   0.60066] opening ./srcs/Hero/HERO_RIGHT_MOVE_5.png rb
stdio    D         file_stdio.c:110  file_stdio_fopen                 [   0.60079] opening ./srcs/Hero/HERO_RIGHT_MOVE_5.png rb
d3d      D         d3d_disp.cpp:1202 real_choose_bitmap_format        [   0.60086] Fake format
d3d      D         d3d_disp.cpp:1202 real_choose_bitmap_format        [   0.60087] Fake format
d3d      D         d3d_disp.cpp:1202 real_choose_bitmap_format        [   0.60089] Fake format
d3d      D         d3d_disp.cpp:1202 real_choose_bitmap_format        [   0.60090] Fake format
d3d      D         d3d_disp.cpp:1202 real_choose_bitmap_format        [   0.60091] Fake format
d3d      D         d3d_disp.cpp:1202 real_choose_bitmap_format        [   0.60092] Fake format
d3d      D         d3d_disp.cpp:1202 real_choose_bitmap_format        [   0.60094] Fake format
d3d      D         d3d_disp.cpp:1202 real_choose_bitmap_format        [   0.60117] Fake format
d3d      D         d3d_disp.cpp:1202 real_choose_bitmap_format        [   0.60120] Fake format
d3d      D         d3d_disp.cpp:1210 real_choose_bitmap_format        [   0.60121] Alpha doesn't match
d3d      D         d3d_disp.cpp:1217 real_choose_bitmap_format        [   0.60122] Adapter format is 23
d3d      D         d3d_disp.cpp:1220 real_choose_bitmap_format        [   0.60123] Found a format
d3d      I         d3d_disp.cpp:2391 d3d_create_bitmap                [   0.60125] Chose bitmap format 9
dtor     D               dtor.c:196  _al_register_destructor          [   0.60160] added dtor for bitmap 000000000281ddb0, func 00007ffe17801bea
stdio    D         file_stdio.c:110  file_stdio_fopen                 [   0.60365] opening ./srcs/Hero/HERO_RIGHT_MOVE_6.png rb
stdio    D         file_stdio.c:110  file_stdio_fopen                 [   0.60385] opening ./srcs/Hero/HERO_RIGHT_MOVE_6.png rb
d3d      D         d3d_disp.cpp:1202 real_choose_bitmap_format        [   0.60393] Fake format
d3d      D         d3d_disp.cpp:1202 real_choose_bitmap_format        [   0.60396] Fake format
d3d      D         d3d_disp.cpp:1202 real_choose_bitmap_format        [   0.60397] Fake format
d3d      D         d3d_disp.cpp:1202 real_choose_bitmap_format        [   0.60398] Fake format
d3d      D         d3d_disp.cpp:1202 real_choose_bitmap_format        [   0.60400] Fake format
d3d      D         d3d_disp.cpp:1202 real_choose_bitmap_format        [   0.60401] Fake format
d3d      D         d3d_disp.cpp:1202 real_choose_bitmap_format        [   0.60402] Fake format
d3d      D         d3d_disp.cpp:1202 real_choose_bitmap_format        [   0.60403] Fake format
d3d      D         d3d_disp.cpp:1202 real_choose_bitmap_format        [   0.60404] Fake format
d3d      D         d3d_disp.cpp:1210 real_choose_bitmap_format        [   0.60405] Alpha doesn't match
d3d      D         d3d_disp.cpp:1217 real_choose_bitmap_format        [   0.60407] Adapter format is 23
d3d      D         d3d_disp.cpp:1220 real_choose_bitmap_format        [   0.60408] Found a format
d3d      I         d3d_disp.cpp:2391 d3d_create_bitmap                [   0.60410] Chose bitmap format 9
dtor     D               dtor.c:196  _al_register_destructor          [   0.60450] added dtor for bitmap 000000000281df60, func 00007ffe17801bea
stdio    D         file_stdio.c:110  file_stdio_fopen                 [   0.60612] opening ./srcs/Hero/HERO_RIGHT_MOVE_7.png rb
stdio    D         file_stdio.c:110  file_stdio_fopen                 [   0.60626] opening ./srcs/Hero/HERO_RIGHT_MOVE_7.png rb
d3d      D         d3d_disp.cpp:1202 real_choose_bitmap_format        [   0.60634] Fake format
d3d      D         d3d_disp.cpp:1202 real_choose_bitmap_format        [   0.60635] Fake format
d3d      D         d3d_disp.cpp:1202 real_choose_bitmap_format        [   0.60637] Fake format
d3d      D         d3d_disp.cpp:1202 real_choose_bitmap_format        [   0.60638] Fake format
d3d      D         d3d_disp.cpp:1202 real_choose_bitmap_format        [   0.60639] Fake format
d3d      D         d3d_disp.cpp:1202 real_choose_bitmap_format        [   0.60640] Fake format
d3d      D         d3d_disp.cpp:1202 real_choose_bitmap_format        [   0.60642] Fake format
d3d      D         d3d_disp.cpp:1202 real_choose_bitmap_format        [   0.60643] Fake format
d3d      D         d3d_disp.cpp:1202 real_choose_bitmap_format        [   0.60644] Fake format
d3d      D         d3d_disp.cpp:1210 real_choose_bitmap_format        [   0.60645] Alpha doesn't match
d3d      D         d3d_disp.cpp:1217 real_choose_bitmap_format        [   0.60647] Adapter format is 23
d3d      D         d3d_disp.cpp:1220 real_choose_bitmap_format        [   0.60648] Found a format
d3d      I         d3d_disp.cpp:2391 d3d_create_bitmap                [   0.60649] Chose bitmap format 9
dtor     D               dtor.c:196  _al_register_destructor          [   0.60682] added dtor for bitmap 000000000281e110, func 00007ffe17801bea
stdio    D         file_stdio.c:110  file_stdio_fopen                 [   0.60836] opening ./srcs/Hero/HERO_RIGHT_MOVE_8.png rb
stdio    D         file_stdio.c:110  file_stdio_fopen                 [   0.60849] opening ./srcs/Hero/HERO_RIGHT_MOVE_8.png rb
d3d      D         d3d_disp.cpp:1202 real_choose_bitmap_format        [   0.60856] Fake format
d3d      D         d3d_disp.cpp:1202 real_choose_bitmap_format        [   0.60857] Fake format
d3d      D         d3d_disp.cpp:1202 real_choose_bitmap_format        [   0.60859] Fake format
d3d      D         d3d_disp.cpp:1202 real_choose_bitmap_format        [   0.60861] Fake format
d3d      D         d3d_disp.cpp:1202 real_choose_bitmap_format        [   0.60862] Fake format
d3d      D         d3d_disp.cpp:1202 real_choose_bitmap_format        [   0.60864] Fake format
d3d      D         d3d_disp.cpp:1202 real_choose_bitmap_format        [   0.60865] Fake format
d3d      D         d3d_disp.cpp:1202 real_choose_bitmap_format        [   0.60866] Fake format
d3d      D         d3d_disp.cpp:1202 real_choose_bitmap_format        [   0.60867] Fake format
d3d      D         d3d_disp.cpp:1210 real_choose_bitmap_format        [   0.60868] Alpha doesn't match
d3d      D         d3d_disp.cpp:1217 real_choose_bitmap_format        [   0.60870] Adapter format is 23
d3d      D         d3d_disp.cpp:1220 real_choose_bitmap_format        [   0.60871] Found a format
d3d      I         d3d_disp.cpp:2391 d3d_create_bitmap                [   0.60872] Chose bitmap format 9
dtor     D               dtor.c:196  _al_register_destructor          [   0.60903] added dtor for bitmap 0000000014190690, func 00007ffe17801bea
d3d      D          d3d_bmp.cpp:539  _al_d3d_sync_bitmap              [   0.62425] _al_d3d_sync_bitmap (system) ref count == 1
d3d      D          d3d_bmp.cpp:545  _al_d3d_sync_bitmap              [   0.62438] _al_d3d_sync_bitmap (video) ref count == 1
d3d      D          d3d_bmp.cpp:539  _al_d3d_sync_bitmap              [   0.64304] _al_d3d_sync_bitmap (system) ref count == 1
d3d      D          d3d_bmp.cpp:545  _al_d3d_sync_bitmap              [   0.64315] _al_d3d_sync_bitmap (video) ref count == 1
d3d      D          d3d_bmp.cpp:539  _al_d3d_sync_bitmap              [   0.65017] _al_d3d_sync_bitmap (system) ref count == 1
d3d      D          d3d_bmp.cpp:545  _al_d3d_sync_bitmap              [   0.65032] _al_d3d_sync_bitmap (video) ref count == 1
d3d      D          d3d_bmp.cpp:539  _al_d3d_sync_bitmap              [   0.65307] _al_d3d_sync_bitmap (system) ref count == 1
d3d      D          d3d_bmp.cpp:545  _al_d3d_sync_bitmap              [   0.65321] _al_d3d_sync_bitmap (video) ref count == 1
d3d      D          d3d_bmp.cpp:539  _al_d3d_sync_bitmap              [   0.65684] _al_d3d_sync_bitmap (system) ref count == 1
d3d      D          d3d_bmp.cpp:545  _al_d3d_sync_bitmap              [   0.65690] _al_d3d_sync_bitmap (video) ref count == 1
d3d      D          d3d_bmp.cpp:539  _al_d3d_sync_bitmap              [   0.65791] _al_d3d_sync_bitmap (system) ref count == 1
d3d      D          d3d_bmp.cpp:545  _al_d3d_sync_bitmap              [   0.65795] _al_d3d_sync_bitmap (video) ref count == 1
d3d      D          d3d_bmp.cpp:539  _al_d3d_sync_bitmap              [   0.65890] _al_d3d_sync_bitmap (system) ref count == 1
d3d      D          d3d_bmp.cpp:545  _al_d3d_sync_bitmap              [   0.65893] _al_d3d_sync_bitmap (video) ref count == 1
d3d      D          d3d_bmp.cpp:539  _al_d3d_sync_bitmap              [   0.66002] _al_d3d_sync_bitmap (system) ref count == 1
d3d      D          d3d_bmp.cpp:545  _al_d3d_sync_bitmap              [   0.66006] _al_d3d_sync_bitmap (video) ref count == 1
d3d      D          d3d_bmp.cpp:539  _al_d3d_sync_bitmap              [   0.66122] _al_d3d_sync_bitmap (system) ref count == 1
d3d      D          d3d_bmp.cpp:545  _al_d3d_sync_bitmap              [   0.66126] _al_d3d_sync_bitmap (video) ref count == 1
d3d      D          d3d_bmp.cpp:539  _al_d3d_sync_bitmap              [   0.66234] _al_d3d_sync_bitmap (system) ref count == 1
d3d      D          d3d_bmp.cpp:545  _al_d3d_sync_bitmap              [   0.66238] _al_d3d_sync_bitmap (video) ref count == 1
d3d      D          d3d_bmp.cpp:539  _al_d3d_sync_bitmap              [   0.66339] _al_d3d_sync_bitmap (system) ref count == 1
d3d      D          d3d_bmp.cpp:545  _al_d3d_sync_bitmap              [   0.66350] _al_d3d_sync_bitmap (video) ref count == 1
d3d      D          d3d_bmp.cpp:539  _al_d3d_sync_bitmap              [   0.66487] _al_d3d_sync_bitmap (system) ref count == 1
d3d      D          d3d_bmp.cpp:545  _al_d3d_sync_bitmap              [   0.66492] _al_d3d_sync_bitmap (video) ref count == 1
d3d      D          d3d_bmp.cpp:539  _al_d3d_sync_bitmap              [   0.66640] _al_d3d_sync_bitmap (system) ref count == 1
d3d      D          d3d_bmp.cpp:545  _al_d3d_sync_bitmap              [   0.66644] _al_d3d_sync_bitmap (video) ref count == 1
d3d      D          d3d_bmp.cpp:539  _al_d3d_sync_bitmap              [   0.66817] _al_d3d_sync_bitmap (system) ref count == 1
d3d      D          d3d_bmp.cpp:545  _al_d3d_sync_bitmap              [   0.66828] _al_d3d_sync_bitmap (video) ref count == 1
d3d      D          d3d_bmp.cpp:539  _al_d3d_sync_bitmap              [   0.66929] _al_d3d_sync_bitmap (system) ref count == 1
d3d      D          d3d_bmp.cpp:545  _al_d3d_sync_bitmap              [   0.66942] _al_d3d_sync_bitmap (video) ref count == 1
d3d      D          d3d_bmp.cpp:539  _al_d3d_sync_bitmap              [   0.67019] _al_d3d_sync_bitmap (system) ref count == 1
d3d      D          d3d_bmp.cpp:545  _al_d3d_sync_bitmap              [   0.67024] _al_d3d_sync_bitmap (video) ref count == 1
d3d      D          d3d_bmp.cpp:539  _al_d3d_sync_bitmap              [   0.67139] _al_d3d_sync_bitmap (system) ref count == 1
d3d      D          d3d_bmp.cpp:545  _al_d3d_sync_bitmap              [   0.67149] _al_d3d_sync_bitmap (video) ref count == 1
d3d      D          d3d_bmp.cpp:539  _al_d3d_sync_bitmap              [   0.67460] _al_d3d_sync_bitmap (system) ref count == 1
d3d      D          d3d_bmp.cpp:545  _al_d3d_sync_bitmap              [   0.67467] _al_d3d_sync_bitmap (video) ref count == 1
dtor     D               dtor.c:116  _al_run_destructors              [   6.58850] calling dtor for bitmap 0000000014190690, func 00007ffe17801bea
dtor     D               dtor.c:227  _al_unregister_destructor        [   6.58864] removed dtor for bitmap 0000000014190690
dtor     D               dtor.c:116  _al_run_destructors              [   6.58893] calling dtor for bitmap 000000000281e110, func 00007ffe17801bea
dtor     D               dtor.c:227  _al_unregister_destructor        [   6.58897] removed dtor for bitmap 000000000281e110
dtor     D               dtor.c:116  _al_run_destructors              [   6.58934] calling dtor for bitmap 000000000281df60, func 00007ffe17801bea
dtor     D               dtor.c:227  _al_unregister_destructor        [   6.58938] removed dtor for bitmap 000000000281df60
dtor     D               dtor.c:116  _al_run_destructors              [   6.58958] calling dtor for bitmap 000000000281ddb0, func 00007ffe17801bea
dtor     D               dtor.c:227  _al_unregister_destructor        [   6.58961] removed dtor for bitmap 000000000281ddb0
dtor     D               dtor.c:116  _al_run_destructors              [   6.59000] calling dtor for bitmap 000000000281dc00, func 00007ffe17801bea
dtor     D               dtor.c:227  _al_unregister_destructor        [   6.59010] removed dtor for bitmap 000000000281dc00
dtor     D               dtor.c:116  _al_run_destructors              [   6.59039] calling dtor for bitmap 000000000281da50, func 00007ffe17801bea
dtor     D               dtor.c:227  _al_unregister_destructor        [   6.59048] removed dtor for bitmap 000000000281da50
dtor     D               dtor.c:116  _al_run_destructors              [   6.59073] calling dtor for bitmap 000000000281d8a0, func 00007ffe17801bea
dtor     D               dtor.c:227  _al_unregister_destructor        [   6.59078] removed dtor for bitmap 000000000281d8a0
dtor     D               dtor.c:116  _al_run_destructors              [   6.59102] calling dtor for bitmap 000000000281acb0, func 00007ffe17801bea
dtor     D               dtor.c:227  _al_unregister_destructor        [   6.59105] removed dtor for bitmap 000000000281acb0
dtor     D               dtor.c:116  _al_run_destructors              [   6.59123] calling dtor for bitmap 000000000281a2f0, func 00007ffe17801bea
dtor     D               dtor.c:227  _al_unregister_destructor        [   6.59127] removed dtor for bitmap 000000000281a2f0
dtor     D               dtor.c:116  _al_run_destructors              [   6.59143] calling dtor for bitmap 000000000281a140, func 00007ffe17801bea
dtor     D               dtor.c:227  _al_unregister_destructor        [   6.59146] removed dtor for bitmap 000000000281a140
dtor     D               dtor.c:116  _al_run_destructors              [   6.59168] calling dtor for bitmap 0000000002819f90, func 00007ffe17801bea
dtor     D               dtor.c:227  _al_unregister_destructor        [   6.59171] removed dtor for bitmap 0000000002819f90
dtor     D               dtor.c:116  _al_run_destructors              [   6.59199] calling dtor for bitmap 000000000280edf0, func 00007ffe17801bea
dtor     D               dtor.c:227  _al_unregister_destructor        [   6.59205] removed dtor for bitmap 000000000280edf0
dtor     D               dtor.c:116  _al_run_destructors              [   6.59235] calling dtor for bitmap 000000000280ec40, func 00007ffe17801bea
dtor     D               dtor.c:227  _al_unregister_destructor        [   6.59240] removed dtor for bitmap 000000000280ec40
dtor     D               dtor.c:116  _al_run_destructors              [   6.59258] calling dtor for bitmap 000000000280fc20, func 00007ffe17801bea
dtor     D               dtor.c:227  _al_unregister_destructor        [   6.59261] removed dtor for bitmap 000000000280fc20
dtor     D               dtor.c:116  _al_run_destructors              [   6.59285] calling dtor for bitmap 000000000280f4b0, func 00007ffe17801bea
dtor     D               dtor.c:227  _al_unregister_destructor        [   6.59288] removed dtor for bitmap 000000000280f4b0
dtor     D               dtor.c:116  _al_run_destructors              [   6.59305] calling dtor for bitmap 000000000280efa0, func 00007ffe17801bea
dtor     D               dtor.c:227  _al_unregister_destructor        [   6.59309] removed dtor for bitmap 000000000280efa0
dtor     D               dtor.c:116  _al_run_destructors              [   6.59325] calling dtor for bitmap 000000000280f7f0, func 00007ffe17801bea
dtor     D               dtor.c:227  _al_unregister_destructor        [   6.59328] removed dtor for bitmap 000000000280f7f0
dtor     D               dtor.c:116  _al_run_destructors              [   6.59495] calling dtor for bitmap 000000000280dfa0, func 00007ffe17801bea
dtor     D               dtor.c:227  _al_unregister_destructor        [   6.59501] removed dtor for bitmap 000000000280dfa0
dtor     D               dtor.c:116  _al_run_destructors              [   6.60088] calling dtor for timer 00000000027ffe00, func 00007ffe1783fb3b
dtor     D               dtor.c:227  _al_unregister_destructor        [   6.60098] removed dtor for timer 00000000027ffe00
dtor     D               dtor.c:116  _al_run_destructors              [   6.60101] calling dtor for queue 000000000275cca0, func 00007ffe1782c5dc
dtor     D               dtor.c:227  _al_unregister_destructor        [   6.60104] removed dtor for queue 000000000275cca0
dtor     D               dtor.c:227  _al_unregister_destructor        [   6.60109] removed dtor for sample_instance 000000000280fdf0
dtor     D               dtor.c:227  _al_unregister_destructor        [   6.60112] removed dtor for sample_instance 000000000280e150
dtor     D               dtor.c:227  _al_unregister_destructor        [   6.60115] removed dtor for sample_instance 000000000280e270
dtor     D               dtor.c:227  _al_unregister_destructor        [   6.60118] removed dtor for mixer 000000000280f9a0
audio-dsound D           dsound.cpp:528  _dsound_stop_voice               [   6.60120] Stopping voice
audio-dsound D           dsound.cpp:545  _dsound_stop_voice               [   6.60123] Joining thread
